<?xml version="1.0" encoding="UTF-8"?>
<testng-results ignored="0" total="1" passed="1" failed="0" skipped="0">
  <reporter-output>
    <line>
      <![CDATA[openbrowser]]>
    </line>
    <line>
      <![CDATA[login]]>
    </line>
    <line>
      <![CDATA[createcustomer]]>
    </line>
    <line>
      <![CDATA[logout]]>
    </line>
    <line>
      <![CDATA[closebrowser]]>
    </line>
  </reporter-output>
  <suite started-at="2023-08-15T15:26:16 IST" name="Default suite" finished-at="2023-08-15T15:26:42 IST" duration-ms="26136">
    <groups>
    </groups>
    <test started-at="2023-08-15T15:26:16 IST" name="Default test" finished-at="2023-08-15T15:26:42 IST" duration-ms="26136">
      <class name="actitime.com.testscript.customermodule">
        <test-method is-config="true" signature="openbrowser()[pri:0, instance:actitime.com.testscript.customermodule@185a6e9]" started-at="2023-08-15T15:26:16 IST" name="openbrowser" finished-at="2023-08-15T15:26:20 IST" duration-ms="4480" status="PASS">
          <reporter-output>
            <line>
              <![CDATA[openbrowser]]>
            </line>
          </reporter-output>
        </test-method> <!-- openbrowser -->
        <test-method is-config="true" signature="login()[pri:0, instance:actitime.com.testscript.customermodule@185a6e9]" started-at="2023-08-15T15:26:20 IST" name="login" finished-at="2023-08-15T15:26:29 IST" duration-ms="8329" status="PASS">
          <reporter-output>
            <line>
              <![CDATA[login]]>
            </line>
          </reporter-output>
        </test-method> <!-- login -->
        <test-method signature="testcreatecustomer()[pri:0, instance:actitime.com.testscript.customermodule@185a6e9]" started-at="2023-08-15T15:26:29 IST" name="testcreatecustomer" finished-at="2023-08-15T15:26:39 IST" duration-ms="10324" status="PASS">
          <reporter-output>
            <line>
              <![CDATA[createcustomer]]>
            </line>
          </reporter-output>
        </test-method> <!-- testcreatecustomer -->
        <test-method is-config="true" signature="logout()[pri:0, instance:actitime.com.testscript.customermodule@185a6e9]" started-at="2023-08-15T15:26:39 IST" name="logout" finished-at="2023-08-15T15:26:41 IST" duration-ms="2453" status="PASS">
          <reporter-output>
            <line>
              <![CDATA[logout]]>
            </line>
          </reporter-output>
        </test-method> <!-- logout -->
        <test-method is-config="true" signature="closebrowser()[pri:0, instance:actitime.com.testscript.customermodule@185a6e9]" started-at="2023-08-15T15:26:41 IST" name="closebrowser" finished-at="2023-08-15T15:26:42 IST" duration-ms="466" status="PASS">
          <reporter-output>
            <line>
              <![CDATA[closebrowser]]>
            </line>
          </reporter-output>
        </test-method> <!-- closebrowser -->
      </class> <!-- actitime.com.testscript.customermodule -->
    </test> <!-- Default test -->
  </suite> <!-- Default suite -->
</testng-results>
